<?xml version="1.0" encoding="UTF-8" ?>
<testsuites>
  <testsuite errors="0" failures="0" hostname="testla-X450VC" id="0" name="JumperRunner" package="" skipped="0" tests="9" time="0.405" timestamp="2015-08-21T14:06:41">
      <properties>
[...]
</properties>

      <testcase classname="JumperRunner" name="testBug" time="0.156" />

      <testcase classname="JumperRunner" name="testEncJumpers1" time="0.001" />

      <testcase classname="JumperRunner" name="testRockAdj" time="0.001" />

      <testcase classname="JumperRunner" name="testFlower" time="0.002" />

      <testcase classname="JumperRunner" name="testRock" time="0.0" />

      <testcase classname="JumperRunner" name="testEncJumpers2" time="0.001" />

      <testcase classname="JumperRunner" name="testJump" time="0.0" />

      <testcase classname="JumperRunner" name="testOutOfGrid" time="0.001" />

      <testcase classname="JumperRunner" name="testFaceEdge" time="0.0" />

      <system-out />

      <system-err />

  </testsuite>
</testsuites>
